[Thread debugging using libthread_db enabled]
Using host libthread_db library "/lib/x86_64-linux-gnu/libthread_db.so.1".
[New Thread  (LWP 10192)]
[New Thread  (LWP 10193)]
[New Thread  (LWP 10194)]
[New Thread  (LWP 10195)]
[New Thread  (LWP 10196)]
[New Thread  (LWP 10197)]
[New Thread  (LWP 10198)]
[New Thread 0x7f522f6fb700 (LWP 10213)]
[New Thread 0x7f522eefa700 (LWP 10214)]
[New Thread 0x7f522e6f9700 (LWP 10215)]

[W NNPACK.cpp:79] Could not initialize NNPACK! Reason: Unsupported hardware.
FLOPs: 65.82M, Params: 0.52M
Namespace(batch_size=64, bottleneck=4, condense_factor=4, convert_from=None, data='cifar10', dropout_rate=0, epochs=10, evaluate=False, evaluate_from=None, filename='condensenet_520202_65816394.txt', gpu='0', group_1x1=4, group_3x3=4, group_lasso_lambda=0.0, growth=[8, 16, 32], lr=0.1, lr_type='cosine', manual_seed=0, model='condensenet', momentum=0.9, no_save_model=False, num_classes=10, pretrained=False, print_freq=10, reduction=0.5, resume=False, savedir='results/savedir', stages=[14, 14, 14], start_epoch=0, weight_decay=0.0001, workers=1)
[New Thread 0x7f52260cd700 (LWP 10219)]
[New Thread 0x7f52258cc700 (LWP 10220)]
[New Thread 0x7f52250cb700 (LWP 10221)]
Files already downloaded and verified
[Thread  (LWP 10198) exited]
[Thread  (LWP 10197) exited]
[Thread  (LWP 10196) exited]
[Thread  (LWP 10195) exited]
[Thread 0x7f5261258700 (LWP 10194) exited]
[Thread 0x7f5271a59700 (LWP 10193) exited]
[Thread  (LWP 10192) exited]

[New Thread 0x7f5247254700 (LWP 10250)]
[New Thread  (LWP 10251)]
[New Thread  (LWP 10252)]
[New Thread  (LWP 10253)]
[New Thread  (LWP 10261)]
[New Thread 0x7f5271a59700 (LWP 10262)]
[New Thread 0x7f5261258700 (LWP 10263)]
[New Thread 0x7f521dfff700 (LWP 10264)]

[Thread 0x7f521dfff700 (LWP 10264) exited]
[Thread 0x7f5261258700 (LWP 10263) exited]
[Thread 0x7f5271a59700 (LWP 10262) exited]
[Thread  (LWP 10261) exited]
[Thread  (LWP 10253) exited]
[Thread  (LWP 10252) exited]
[Thread  (LWP 10251) exited]

[New Thread 0x7f521dfff700 (LWP 10265)]
@@@@@@@@@
k: 0
@@@@@@@@@
@@@@@@@@@
k2: 0
@@@@@@@@@

Thread 1 "python" received signal SIGSEGV, Segmentation fault.
0x00007f527580cdb1 in c10::cuda::CUDACachingAllocator::DeviceCachingAllocator::release_cached_blocks() () from /usr/local/lib/python3.6/dist-packages/torch/lib/libc10_cuda.so
